C51 COMPILER V9.00   ZSFSD                                                                 06/15/2016 09:17:13 PAGE 1   


C51 COMPILER V9.00, COMPILATION OF MODULE ZSFSD
OBJECT MODULE PLACED IN zsfsd.OBJ
COMPILER INVOKED BY: C:\Keil\C51\BIN\C51.EXE zsfsd.c BROWSE DEBUG OBJECTEXTEND

line level    source

   1          #include<reg52.h>
   2          #include<intrins.h>
   3          #define uint unsigned int
   4          #define uchar unsigned char
   5          //uchar temp;
   6          sbit p32=P3^2;
   7          sbit beep=P3^3;
   8          void delay(uint);
   9          void main()
  10          {
  11   1              int a,b;
  12   1              beep=0;
  13   1              P2=0x01;
  14   1              if(p32 == 0 )
  15   1              {
  16   2                      beep=0;
  17   2                      for(a=0;a<7;a++)
  18   2                      {
  19   3                              P2=_crol_(P2,1);
  20   3                              delay(500);
  21   3                      }
  22   2                      for(a=7;a>0;a--)
  23   2                      {
  24   3                              P2=_cror_(P2,1);
  25   3                              delay(500);     
  26   3                      }
  27   2                      for(a=0;a<7;a++)
  28   2                      {
  29   3                              P2=_crol_(P2,1);
  30   3                              delay(500);
  31   3                      }
  32   2                      P2=0x81;
  33   2                      for(a=0;a<7;a++)
  34   2                      {
  35   3                              P2=_crol_(P2,1);
  36   3                              delay(500);
  37   3                      }
  38   2                      P2=0x83;
  39   2                      for(a=0;a<6;a++)
  40   2                      {
  41   3                              P2=_crol_(P2,1);
  42   3                              delay(500);
  43   3                      }
  44   2                      P2=0x87;
  45   2                      for(a=0;a<5;a++)
  46   2                      {
  47   3                              P2=_crol_(P2,1);
  48   3                              delay(500);
  49   3                      }
  50   2                      P2=0x8f;
  51   2                      for(a=0;a<4;a++)
  52   2                      {
  53   3                              P2=_crol_(P2,1);
  54   3                              delay(500);
  55   3                      }
C51 COMPILER V9.00   ZSFSD                                                                 06/15/2016 09:17:13 PAGE 2   

  56   2                      P2=0xbf;
  57   2                      for(a=0;a<3;a++)
  58   2                      {
  59   3                              P2=_crol_(P2,1);
  60   3                              delay(500);
  61   3                      }
  62   2                      P2=0xef;
  63   2                      for(a=0;a<2;a++)
  64   2                      {
  65   3                              P2=_crol_(P2,1);
  66   3                              delay(500);
  67   3                      }
  68   2                      P2=0xff;
  69   2                      for(a=0;a<1;a++)
  70   2                      {
  71   3                              P2=_crol_(P2,1);
  72   3                              delay(500);
  73   3                      }
  74   2                      for(b=0;b<8;b++)
  75   2                      {
  76   3                              P2=0xff;
  77   3                              beep=1;
  78   3                              delay(500);
  79   3                              P2=0x00;
  80   3                              beep=0;
  81   3                              delay(500);             
  82   3                      }
  83   2                      while(1);
  84   2              }
  85   1      }
  86          void delay(uint z)
  87          {
  88   1              int x,y;
  89   1              for(x=0;x<110;x++)
  90   1              for(y=z;y>0;y--);
  91   1      }


MODULE INFORMATION:   STATIC OVERLAYABLE
   CODE SIZE        =    503    ----
   CONSTANT SIZE    =   ----    ----
   XDATA SIZE       =   ----    ----
   PDATA SIZE       =   ----    ----
   DATA SIZE        =   ----       4
   IDATA SIZE       =   ----    ----
   BIT SIZE         =   ----    ----
END OF MODULE INFORMATION.


C51 COMPILATION COMPLETE.  0 WARNING(S),  0 ERROR(S)
