C51 COMPILER V9.00   …¡À∏—” ±                                                              03/24/2016 18:15:21 PAGE 1   


C51 COMPILER V9.00, COMPILATION OF MODULE …¡À∏—” ±
OBJECT MODULE PLACED IN …¡À∏—” ±.OBJ
COMPILER INVOKED BY: E:\keil\C51\BIN\C51.EXE …¡À∏—” ±.c BROWSE DEBUG OBJECTEXTEND

line level    source

   1                    #include<reg52.h>
   2                    #define uint unsigned int      
   3                    #define uchar unsigned char 
   4                    sbit p1=P1^3 ;
   5                    //void delay();
   6                    void delay(uint);
   7          void main()
   8                    {
   9   1                 while(1)
  10   1                 {
  11   2                 p1=0;
  12   2                 delay(100);
  13   2                 p1=1;
  14   2                 delay(100);
  15   2                 }
  16   1                }
  17          
  18          /*void delay()
  19                    {
  20                           uint x,y;
  21                           for(x=100;x>0;x--)
  22                           for(y=2000;y>0;y--);
  23                    }*/
  24                    void delay(uint z)
  25                    {
  26   1                       uint x,y;
  27   1                       for(x=50;x>0;x--)
  28   1                       for(y=z;y>0;y--);
  29   1                }


MODULE INFORMATION:   STATIC OVERLAYABLE
   CODE SIZE        =     54    ----
   CONSTANT SIZE    =   ----    ----
   XDATA SIZE       =   ----    ----
   PDATA SIZE       =   ----    ----
   DATA SIZE        =   ----    ----
   IDATA SIZE       =   ----    ----
   BIT SIZE         =   ----    ----
END OF MODULE INFORMATION.


C51 COMPILATION COMPLETE.  0 WARNING(S),  0 ERROR(S)
