C51 COMPILER V9.00   1                                                                     06/13/2016 23:48:22 PAGE 1   


C51 COMPILER V9.00, COMPILATION OF MODULE 1
OBJECT MODULE PLACED IN 1.OBJ
COMPILER INVOKED BY: E:\keil\C51\BIN\C51.EXE 1.c BROWSE DEBUG OBJECTEXTEND

line level    source

   1          #include<reg52.h>
   2          #define uint unsigned int
   3          sbit p2_0=P2^0;
   4          void delay()
   5          {
   6   1              uint a,b;
   7   1              for(a=0;a<200;a++)
   8   1              for(b=a;b>0;b--) ;
   9   1      }
  10          void int0 () interrupt 0
  11          {
  12   1              p2_0  = !p2_0;
  13   1              delay();
  14   1              while(1)
  15   1              {
  16   2                      p2_0=0;
  17   2                      delay();
  18   2                      p2_0=1;
  19   2                      delay();
  20   2              }
  21   1      }
  22          void main()
  23          {
  24   1              IT0=1;
  25   1              IE=0x81;
  26   1              while(1);
  27   1      }


MODULE INFORMATION:   STATIC OVERLAYABLE
   CODE SIZE        =     74    ----
   CONSTANT SIZE    =   ----    ----
   XDATA SIZE       =   ----    ----
   PDATA SIZE       =   ----    ----
   DATA SIZE        =   ----    ----
   IDATA SIZE       =   ----    ----
   BIT SIZE         =   ----    ----
END OF MODULE INFORMATION.


C51 COMPILATION COMPLETE.  0 WARNING(S),  0 ERROR(S)
