C51 COMPILER V9.00   2                                                                     06/13/2016 23:53:12 PAGE 1   


C51 COMPILER V9.00, COMPILATION OF MODULE 2
OBJECT MODULE PLACED IN 2.OBJ
COMPILER INVOKED BY: E:\keil\C51\BIN\C51.EXE 2.c BROWSE DEBUG OBJECTEXTEND

line level    source

   1          #include<reg52.h>
   2          #define uint unsigned int
   3          void delay();
   4          sbit p2_0=P2^0;
   5          int a;
   6          void iop()
   7          {
   8   1              TMOD=0x01;
   9   1              TH0=(65536-50000)/256;
  10   1              TH1=(65536-50000)%256;
  11   1              ET0=1;
  12   1              TR0=1;
  13   1              EA=1;
  14   1      }
  15          void delay()
  16          {
  17   1              uint c,b;
  18   1              for(c=0;c<400;c++)
  19   1              for(b=c;b>0;b--);
  20   1      }                       
  21          void xx()interrupt 1
  22          {
  23   1              TH0=(65536-50000)/256;
  24   1              TH1=(65536-50000)%256;
  25   1              TF0=0;
  26   1              a++;
  27   1      }
  28          void main()
  29          {
  30   1              P2=0x00;
  31   1              delay();
  32   1              ET0=0;
  33   1              p2_0=!p2_0;
  34   1              ET0=1;
  35   1              while(1)
  36   1              {
  37   2                      p2_0=0;
  38   2                      delay();
  39   2                      p2_0=1;
  40   2                      delay() ;
  41   2              }       
  42   1      }
  43          


MODULE INFORMATION:   STATIC OVERLAYABLE
   CODE SIZE        =     96    ----
   CONSTANT SIZE    =   ----    ----
   XDATA SIZE       =   ----    ----
   PDATA SIZE       =   ----    ----
   DATA SIZE        =      2    ----
   IDATA SIZE       =   ----    ----
   BIT SIZE         =   ----    ----
END OF MODULE INFORMATION.


C51 COMPILATION COMPLETE.  0 WARNING(S),  0 ERROR(S)
