C51 COMPILER V9.00   Á·Ï_                                                                  04/12/2016 18:58:21 PAGE 1   


C51 COMPILER V9.00, COMPILATION OF MODULE Á·Ï_
OBJECT MODULE PLACED IN Á·Ï°.OBJ
COMPILER INVOKED BY: E:\keil\C51\BIN\C51.EXE Á·Ï°.c BROWSE DEBUG OBJECTEXTEND

line level    source

   1           #include <reg52.h>
   2           sbit D1=P1^0; 
   3           sbit B1=P3^3;
   4           void delay();
   5           void main()
   6           {
   7   1          D1=0;
   8   1       }
   9          /* void delay()
  10           {
  11              int x,y;
  12              for (x=0;x<=100;x++)
  13              for (y=0;y<100;y++);
  14           }       */


MODULE INFORMATION:   STATIC OVERLAYABLE
   CODE SIZE        =      3    ----
   CONSTANT SIZE    =   ----    ----
   XDATA SIZE       =   ----    ----
   PDATA SIZE       =   ----    ----
   DATA SIZE        =   ----    ----
   IDATA SIZE       =   ----    ----
   BIT SIZE         =   ----    ----
END OF MODULE INFORMATION.


C51 COMPILATION COMPLETE.  0 WARNING(S),  0 ERROR(S)
