C51 COMPILER V9.00   Á·Ï_2                                                                 04/13/2016 18:00:45 PAGE 1   


C51 COMPILER V9.00, COMPILATION OF MODULE Á·Ï_2
OBJECT MODULE PLACED IN Á·Ï°2.OBJ
COMPILER INVOKED BY: E:\keil\C51\BIN\C51.EXE Á·Ï°2.c BROWSE DEBUG OBJECTEXTEND

line level    source

   1          #include<reg52.h>
   2          #include<intrins.h>
   3          #define uint unsigned int
   4          #define uchar unsigned char
   5          void delay(uint);
   6          uchar temp;
   7          int i;
   8          sbit beep=P2^3;
   9          void main()
  10          {
  11   1      temp=0xfe;
  12   1      while(1)
  13   1      {
  14   2      for(i=7;i>0;i--)
  15   2      {
  16   3      P1=temp;
  17   3      delay(500);
  18   3      temp=_crol_(temp,1);
  19   3      }
  20   2      for(i=7;i>0;i--)
  21   2      {
  22   3      P1=temp;
  23   3      delay(500);
  24   3      temp=_cror_(temp,1);
  25   3      }
  26   2      }
  27   1      }
  28          void delay(uint z)
  29          {
  30   1      uint x,y;
  31   1      for(x=z;x>0;x--)
  32   1      for(y=110;y>0;y--);
  33   1      }
  34           


MODULE INFORMATION:   STATIC OVERLAYABLE
   CODE SIZE        =    128    ----
   CONSTANT SIZE    =   ----    ----
   XDATA SIZE       =   ----    ----
   PDATA SIZE       =   ----    ----
   DATA SIZE        =      3    ----
   IDATA SIZE       =   ----    ----
   BIT SIZE         =   ----    ----
END OF MODULE INFORMATION.


C51 COMPILATION COMPLETE.  0 WARNING(S),  0 ERROR(S)
