C51 COMPILER V9.00   Á·Ï_3                                                                 04/14/2016 17:12:26 PAGE 1   


C51 COMPILER V9.00, COMPILATION OF MODULE Á·Ï_3
OBJECT MODULE PLACED IN Á·Ï°3.OBJ
COMPILER INVOKED BY: E:\keil\C51\BIN\C51.EXE Á·Ï°3.c BROWSE DEBUG OBJECTEXTEND

line level    source

   1          #include<reg52.h>
   2          #include<intrins.h>
   3          #define uchar unsigned char
   4          #define uint unsigned int
   5          sbit beep=P3^3;
   6          sbit D1=P3^2;
   7          int a;
   8          uchar temp;  
   9          void delay(uint);
  10          void main()
  11          {
  12   1          temp=0xfe;
  13   1          beep=0;
  14   1          IE=0x81;
  15   1          while(1)
  16   1          {
  17   2              for (a=7;a>0;a--)
  18   2              {
  19   3                  P1=temp;
  20   3                  delay(500);
  21   3                  temp=_crol_(temp,1); 
  22   3              }
  23   2              for(a=7;a>0;a--)
  24   2              {
  25   3                  P1=temp;
  26   3                  delay(500);
  27   3                  temp=_cror_(temp,1);
  28   3              }
  29   2          }
  30   1      }
  31          void xx()interrupt 0
  32          {
  33   1          if (D1==0);
  34   1          temp=0x00;
  35   1          beep=1;
  36   1          P1=temp;
  37   1          delay(100);
  38   1          if (D1==1);
  39   1          temp=0xfa;
  40   1          P1=temp;
  41   1          beep=0;
  42   1      }
  43          void delay(uint z)
  44          {
  45   1          uint x,y;
  46   1          for(x=z;x>0;x--)
  47   1              for(y=110;y>0;y--);
  48   1      }


MODULE INFORMATION:   STATIC OVERLAYABLE
   CODE SIZE        =    212    ----
   CONSTANT SIZE    =   ----    ----
   XDATA SIZE       =   ----    ----
   PDATA SIZE       =   ----    ----
C51 COMPILER V9.00   Á·Ï_3                                                                 04/14/2016 17:12:26 PAGE 2   

   DATA SIZE        =      3    ----
   IDATA SIZE       =   ----    ----
   BIT SIZE         =   ----    ----
END OF MODULE INFORMATION.


C51 COMPILATION COMPLETE.  0 WARNING(S),  0 ERROR(S)
