C51 COMPILER V9.00   Á·Ï_5                                                                 04/14/2016 19:34:45 PAGE 1   


C51 COMPILER V9.00, COMPILATION OF MODULE Á·Ï_5
OBJECT MODULE PLACED IN Á·Ï°5.OBJ
COMPILER INVOKED BY: E:\keil\C51\BIN\C51.EXE Á·Ï°5.c BROWSE DEBUG OBJECTEXTEND

line level    source

   1          #include<reg52.h>
   2          #include<intrins.h>
   3          #define uchar unsigned char
   4          #define uint  unsigned int
   5          uchar temp;
   6          void delay(uint);
   7          sbit D1=P1^0;
   8          sbit D2=P3^3;
   9          int a;
  10          void main()
  11          {
  12   1          while(1)
  13   1          {
  14   2              temp=0xfe;
  15   2              for(a=8;a>0;a--)
  16   2              {
  17   3                  P1=temp;
  18   3                  delay(500);
  19   3                  temp=_crol_(temp,1);
  20   3              }
  21   2              temp=0xfc;
  22   2              for(a=7;a>0;a--)
  23   2              {
  24   3                  P1=temp;
  25   3                  delay(500);
  26   3                  temp=_crol_(temp,1);
  27   3              }
  28   2              temp=0xf8;
  29   2              for(a=6;a>0;a--)
  30   2              {
  31   3                  P1=temp;
  32   3                  delay(500);
  33   3                  temp=_crol_(temp,1);
  34   3              }
  35   2              temp=0xf0;
  36   2              for(a=5;a>0;a--)
  37   2              {
  38   3                  P1=temp;
  39   3                  delay(500);
  40   3                  temp=_crol_(temp,1);
  41   3              }
  42   2              temp=0xe0;
  43   2              for(a=4;a>0;a--)
  44   2              {
  45   3                  P1=temp;
  46   3                  delay(500);
  47   3                  temp=_crol_(temp,1);
  48   3              }
  49   2              temp=0xc0;
  50   2              for(a=3;a>0;a--)
  51   2              {
  52   3                  P1=temp;
  53   3                  delay(500);
  54   3                  temp=_crol_(temp,1);
  55   3              }
C51 COMPILER V9.00   Á·Ï_5                                                                 04/14/2016 19:34:45 PAGE 2   

  56   2              temp=0x80;
  57   2              for(a=2;a>0;a--)
  58   2              {
  59   3                  P1=temp;
  60   3                  delay(500);
  61   3                  temp=_crol_(temp,1);
  62   3              }
  63   2              temp=0x00;
  64   2              for(a=1;a>0;a--)
  65   2              {
  66   3                  P1=temp;
  67   3                  delay(500);
  68   3                  temp=_crol_(temp,1);
  69   3              }
  70   2              for(a=2;a>0;a--)
  71   2              {
  72   3                  P1=0xff;
  73   3                  delay(500);
  74   3                  P1=0x00;
  75   3                  delay(500);
  76   3              }
  77   2              P1=0x00;
  78   2              delay(500);
  79   2          }
  80   1      }
  81          void delay(uint z)
  82          {
  83   1          int x,y;
  84   1          for(x=z;x>0;x--)
  85   1          for(y=110;y>0;y--);
  86   1      }


MODULE INFORMATION:   STATIC OVERLAYABLE
   CODE SIZE        =    454    ----
   CONSTANT SIZE    =   ----    ----
   XDATA SIZE       =   ----    ----
   PDATA SIZE       =   ----    ----
   DATA SIZE        =      3    ----
   IDATA SIZE       =   ----    ----
   BIT SIZE         =   ----    ----
END OF MODULE INFORMATION.


C51 COMPILATION COMPLETE.  0 WARNING(S),  0 ERROR(S)
