C51 COMPILER V9.00   Á·Ï_4                                                                 04/14/2016 19:09:07 PAGE 1   


C51 COMPILER V9.00, COMPILATION OF MODULE Á·Ï_4
OBJECT MODULE PLACED IN Á·Ï°4.OBJ
COMPILER INVOKED BY: E:\keil\C51\BIN\C51.EXE Á·Ï°4.c BROWSE DEBUG OBJECTEXTEND

line level    source

   1          #include<reg52.h>
   2          #include<intrins.h>
   3          #define uchar unsigned char
   4          #define uint unsigned int
   5          uchar temp;
   6          sbit beep=P3^3;
   7          void delay(uint);
   8          int a;
   9          void main()
  10          {
  11   1          while(1)
  12   1          {
  13   2              temp=0xfe;
  14   2              for(a=7;a>0;a--)
  15   2              {
  16   3                  P1=temp;
  17   3                  delay(500);
  18   3                  temp=_crol_(temp,1);
  19   3              }
  20   2              for(a=8;a>0;a--)
  21   2              {
  22   3                  P1=temp;
  23   3                  delay(500);
  24   3                  temp=_cror_(temp,1);
  25   3              }
  26   2              P1=0x00;
  27   2              delay(500);
  28   2              for(a=5;a>0;a--)
  29   2              {
  30   3                  P1=0xff;
  31   3                  delay(500);
  32   3                  P1=0x00;
  33   3                  delay(500);
  34   3              }
  35   2          }
  36   1      }
  37          void delay(uint z)
  38          {
  39   1          int x,y;
  40   1          for(x=z;x>0;x--)
  41   1          for(y=110;y>0;y--);
  42   1      }


MODULE INFORMATION:   STATIC OVERLAYABLE
   CODE SIZE        =    175    ----
   CONSTANT SIZE    =   ----    ----
   XDATA SIZE       =   ----    ----
   PDATA SIZE       =   ----    ----
   DATA SIZE        =      3    ----
   IDATA SIZE       =   ----    ----
   BIT SIZE         =   ----    ----
END OF MODULE INFORMATION.


C51 COMPILATION COMPLETE.  0 WARNING(S),  0 ERROR(S)
