C51 COMPILER V9.00   医疗设备                                                              06/01/2017 16:54:21 PAGE 1   


C51 COMPILER V9.00, COMPILATION OF MODULE 医疗设备
OBJECT MODULE PLACED IN 医疗设备.OBJ
COMPILER INVOKED BY: E:\keil\C51\BIN\C51.EXE 医疗设备.c BROWSE DEBUG OBJECTEXTEND

line level    source

   1          #include <REG52.H>  
   2          sbit LED = P1^0;  
   3          unsigned char UART_buff;  
   4          bit New_rec = 0, Send_ed = 1, Money = 0;  
   5          //----------------------------------------------  
   6          void serial_init()
   7          {
   8   1              SCON = 0x50;   //串口方式1, 8-n-1, 允许接收.  
   9   1          TMOD = 0x20;   //T1方式2  
  10   1          TH1 = 0xFD;    
  11   1          TL1 = 0xFD;  
  12   1          TR1 = 1;                          
  13   1          ES  = 1;       //开中断.  
  14   1          EA  = 1;    
  15   1      }
  16          
  17          void main (void)  
  18          {  
  19   1              serial_init();
  20   1          while(Money == 0);    //等着交费，呵呵，等着接收$.  
  21   1          while(1)  
  22   1              {   
  23   2                      if ((New_rec == 1) && (Send_ed == 1))  //如果收到新数据及发送完毕
  24   2                      {    
  25   3                      SBUF = UART_buff; //那就发送.  
  26   3                      New_rec = 0;  
  27   3                      Send_ed = 0;  
  28   3              } 
  29   2              }  
  30   1      }  
  31          
  32          void ser_int (void) interrupt 4   
  33          {  
  34   1          if(RI == 1) 
  35   1              {  //如果收到.  
  36   2            RI = 0;      //清除标志.  
  37   2            New_rec = 1;  
  38   2            UART_buff = SBUF;  //接收.  
  39   2            if(UART_buff == '1')  LED = 1;  
  40   2            if(UART_buff == '0')  LED = 0;  
  41   2            if(UART_buff == '$')  Money = 1;  
  42   2          }  
  43   1          else  
  44   1              {        //如果送毕.  
  45   2            TI = 0;      //清除标志.  
  46   2            Send_ed = 1;  
  47   2          }  
  48   1      }   


MODULE INFORMATION:   STATIC OVERLAYABLE
   CODE SIZE        =     86    ----
   CONSTANT SIZE    =   ----    ----
   XDATA SIZE       =   ----    ----
   PDATA SIZE       =   ----    ----
C51 COMPILER V9.00   医疗设备                                                              06/01/2017 16:54:21 PAGE 2   

   DATA SIZE        =      1    ----
   IDATA SIZE       =   ----    ----
   BIT SIZE         =      3    ----
END OF MODULE INFORMATION.


C51 COMPILATION COMPLETE.  0 WARNING(S),  0 ERROR(S)
