C51 COMPILER V9.00   иак╦                                                                  09/23/2015 20:42:12 PAGE 1   


C51 COMPILER V9.00, COMPILATION OF MODULE иак╦
OBJECT MODULE PLACED IN иак╦.OBJ
COMPILER INVOKED BY: E:\keil\C51\BIN\C51.EXE иак╦.c BROWSE DEBUG OBJECTEXTEND

line level    source

   1                     #include<reg52.h>
   2                     sbit p1=P1^4;
   3                     unsigned int a;
   4                     void main()
   5                     {
   6   1                 
   7   1                 a=50000;
   8   1                 p1=0;
   9   1                 while(a--);
  10   1                 a=50000;
  11   1                 p1=0;
  12   1                 while(a--);
  13   1                 a=50000;
  14   1                 p1=1;
  15   1                 while(a--);
  16   1                 a=50000;
  17   1                 p1=1;
  18   1                 while(a--);
  19   1                 }
  20                     


MODULE INFORMATION:   STATIC OVERLAYABLE
   CODE SIZE        =     85    ----
   CONSTANT SIZE    =   ----    ----
   XDATA SIZE       =   ----    ----
   PDATA SIZE       =   ----    ----
   DATA SIZE        =      2    ----
   IDATA SIZE       =   ----    ----
   BIT SIZE         =   ----    ----
END OF MODULE INFORMATION.


C51 COMPILATION COMPLETE.  0 WARNING(S),  0 ERROR(S)
