C51 COMPILER V9.00   35413                                                                 06/16/2016 00:43:12 PAGE 1   


C51 COMPILER V9.00, COMPILATION OF MODULE 35413
OBJECT MODULE PLACED IN .\35413.obj
COMPILER INVOKED BY: E:\keil\C51\BIN\C51.EXE C:\Users\Administrator\Desktop\35413.c BROWSE DEBUG OBJECTEXTEND PRINT(.\35
                    -413.lst) OBJECT(.\35413.obj)

line level    source

   1          #include<reg51.h>
   2          #include<intrins.h>
   3          #define uint unsigned int
   4          #define uchar unsigned char
   5          
   6          sbit SH_CP=P2^0;
   7          sbit DS=P2^1;
   8          sbit ST_CP=P2^2;
   9          uchar code SEG_CODE[]={0x3f,0x06,0x5b,0x4f,0x66,0x6d,0x7d,0x07,0x7f,0x6f};
  10          uchar code BIT_CODE[]={0xfd,0xfe};
  11          void delay(uint x);
  12          void input(uint d);
  13          void outpur();
  14          void led_show(uint num);
  15          void main()
  16          { 
  17   1         
  18   1         int n;
  19   1         P2=0x00;
  20   1         while(1)
  21   1         {
  22   2            {
  23   3               for(n=0;n<100;n++)
  24   3                  {
  25   4                     led_show(n);
  26   4                  }
  27   3            }
  28   2         }
  29   1      }
  30          
  31          void delay(uint x)
  32          {  uint i,j;
  33   1         for(i=0;i<x;i++)
  34   1         {
  35   2            for(j=0;j<120;j++);
  36   2         }
  37   1      }
  38          
  39          void input(uint d)
  40          {  uint s;
  41   1         for(s=0;s<8;s++)
  42   1         {
  43   2         d<<=1;
  44   2         DS=CY;
  45   2         SH_CP=0;
  46   2         _nop_();
  47   2         _nop_();
  48   2         SH_CP=1;
  49   2         _nop_();
  50   2         _nop_();
  51   2         }
  52   1         SH_CP=0;
  53   1      }
  54          
C51 COMPILER V9.00   35413                                                                 06/16/2016 00:43:12 PAGE 2   

  55          void output()
  56          {
  57   1         ST_CP=0;
  58   1         _nop_();
  59   1         _nop_();
  60   1         ST_CP=1;
  61   1         _nop_();
  62   1         _nop_();
  63   1      }
  64          
  65          void led_show(uint num)
  66          {
  67   1         int z,y,k;
  68   1         z=num/10;
  69   1         y=num%10;
  70   1         for(k=0;k<50;k++)
  71   1         {
  72   2            input(BIT_CODE[0]);
  73   2            input(SEG_CODE[z]);
  74   2            output();
  75   2            delay(5);
  76   2            input(BIT_CODE[1]);
  77   2            input(SEG_CODE[y]);
  78   2            output();
  79   2            delay(5);  
  80   2         }
  81   1      }
  82          


MODULE INFORMATION:   STATIC OVERLAYABLE
   CODE SIZE        =    229    ----
   CONSTANT SIZE    =     12    ----
   XDATA SIZE       =   ----    ----
   PDATA SIZE       =   ----    ----
   DATA SIZE        =   ----       8
   IDATA SIZE       =   ----    ----
   BIT SIZE         =   ----    ----
END OF MODULE INFORMATION.


C51 COMPILATION COMPLETE.  0 WARNING(S),  0 ERROR(S)
