C51 COMPILER V9.00   æÿ’_º¸≈Ã                                                              06/17/2016 15:43:02 PAGE 1   


C51 COMPILER V9.00, COMPILATION OF MODULE æÿ’_º¸≈Ã
OBJECT MODULE PLACED IN æÿ’Ûº¸≈Ã.OBJ
COMPILER INVOKED BY: C:\Keil\C51\BIN\C51.EXE æÿ’Ûº¸≈Ã.c BROWSE DEBUG OBJECTEXTEND

line level    source

   1          #include<reg52.h>
   2          #include<intrins.h>
   3          #define uchar unsigned char 
   4          #define uint unsigned int
   5          sbit sh=P0^0;
   6          sbit DS=P0^1;
   7          sbit st=P0^2;
   8          sbit beep=P2^4;
   9          void delay(uint z);
  10          void key_scan();
  11          void keys();
  12          void input();
  13          void output();
  14          void main()
  15          {
  16   1              while(1)
  17   1              {
  18   2                      P1=0x01;
  19   2                      P3=0xc3;
  20   2                      P1=0x02;
  21   2                      P3=0xdb;
  22   2                      P1=0x04;
  23   2                      P3=0xdb;
  24   2                      P1=0x08;
  25   2                      P3=0xc3;
  26   2                      P1=0x10;
  27   2                      P3=0xdf;
  28   2                      P1=0x20;
  29   2                      P3=0xdf;
  30   2                      P1=0x40;
  31   2                      P3=0xdf;
  32   2                      P1=0x80;
  33   2                      P3=0xc3;
  34   2              }
  35   1      }


MODULE INFORMATION:   STATIC OVERLAYABLE
   CODE SIZE        =     50    ----
   CONSTANT SIZE    =   ----    ----
   XDATA SIZE       =   ----    ----
   PDATA SIZE       =   ----    ----
   DATA SIZE        =   ----    ----
   IDATA SIZE       =   ----    ----
   BIT SIZE         =   ----    ----
END OF MODULE INFORMATION.


C51 COMPILATION COMPLETE.  0 WARNING(S),  0 ERROR(S)
