C51 COMPILER V9.00   红_报_器                                                            03/24/2016 18:24:07 PAGE 1   


C51 COMPILER V9.00, COMPILATION OF MODULE 红_报_器
OBJECT MODULE PLACED IN 红外报警器.OBJ
COMPILER INVOKED BY: E:\keil\C51\BIN\C51.EXE 红外报警器.C BROWSE DEBUG OBJECTEXTEND

line level    source

   1          #include<reg52.h>
   2          #define uint unsigned int
   3          #define uchar unsigned char
   4          uchar code table[16] = {0x3f,0x06,0x5b,0x4f,0x66,0x6d,0x7d,0x07,0x7f,0x6f,0x77,0x7c,0x39,0x5e,0x79,0x71}; 
   5          uchar code table1[]={0x80,0x40,0x20,0x10};
   6          uchar code table2[]={0x10,0x20,0x40,0x80};
   7          
   8          sbit P2_0=P2^0;
   9          sbit P0_0=P0^0;
  10          sbit P0_1=P0^1;
  11          sbit P0_2=P0^2;
  12          uchar htime;//红外时间变量
  13          uchar startflag;//红外数据开始提取变量
  14          uchar hdata[33];//红外数据的数组
  15          uchar bytenumber;
  16          uchar endflag;
  17          uchar date[4];
  18          uchar hp;
  19          uchar disp[8];
  20          void delay1(uint a)
  21          {while(a--);
  22   1      }
  23          void delay(uint del)
  24          {uint i,j;
  25   1       for(i=0;i<del;i++)
  26   1              for(j=0;j<110;j++);
  27   1      }
  28          void time0_init()
  29          {TMOD=0x02;
  30   1       TH0=0x00;
  31   1       TL0=0x00;
  32   1       EA=1;
  33   1       ET0=1;
  34   1       TR0=1;
  35   1      }
  36          void int1init()
  37          {EA=1;
  38   1       EX1=1;
  39   1       IT1=1;
  40   1      }
  41          //红外数据提取函数
  42          void hpros()
  43          {uchar k=1,i,j;
  44   1       uchar value;
  45   1       for(j=0;j<4;j++)
  46   1        {
  47   2         for(i=0;i<8;i++)
  48   2          { value=value>>1;
  49   3           if(hdata[k]>6)
  50   3               {value=value|0x80;
  51   4               }
  52   3           k++;
  53   3          }
  54   2          date[j]=value;
  55   2        }
C51 COMPILER V9.00   红_报_器                                                            03/24/2016 18:24:07 PAGE 2   

  56   1        hp=1;
  57   1      }
  58          //红外数据处理函数
  59          void hchuli()
  60          {disp[0]=date[0]/16;
  61   1       disp[1]=date[0]%16;
  62   1       disp[2]=date[1]/16;
  63   1       disp[3]=date[1]%16;
  64   1       disp[4]=date[2]/16;
  65   1       disp[5]=date[2]%16;
  66   1       disp[6]=date[3]/16;
  67   1       disp[7]=date[3]%16;
  68   1      }
  69          //蜂鸣器发声和Led亮
  70          void BEEP()
  71          {uchar m=20;
  72   1       P0_0=0;
  73   1       while(m--)
  74   1        {P2_0=1;
  75   2         delay(1);
  76   2         P2_0=0;
  77   2         delay(1);
  78   2        }
  79   1       P0_0=1;
  80   1      }
  81          void main()
  82          {uint i=0,k,flag=0,b=0,d=0,FLAG=1,rflag=1,RFLAG=1,alarm=0,G=0,g=0,rag=0;
  83   1       uchar key[8]={4,5,4,6,4,7,4,4},key1[8],key2[8]={4,0,4,3,0,7,1,5};//电控锁密码数组为key,key2为正转和反转，
             -key1为转载红外数据的数组
  84   1       time0_init();
  85   1       int1init();
  86   1       while(1)
  87   1        { if(endflag)
  88   2           {hpros();
  89   3            endflag=0;
  90   3               }
  91   2          if(hp)
  92   2            {hchuli();
  93   3             hp=0;
  94   3             flag=1;//按键按下蜂鸣器发声和led亮的标志
  95   3            }
  96   2           //电控锁复位标志
  97   2           if((disp[4]==1)&&(disp[5]==6))
  98   2                  {uchar a;
  99   3                   for(a=0;a<8;a++)
 100   3                    {key1[a]=0;}
 101   3                   FLAG=1;
 102   3                   rflag=1;
 103   3                   alarm=0;
 104   3               RFLAG=1;
 105   3                       i=0;
 106   3                      }
 107   2           if(flag)
 108   2                  {BEEP();
 109   3                   key1[i]=disp[4];
 110   3                   key1[i+1]=disp[5];
 111   3                   i=i+2;
 112   3                   flag=0;
 113   3               rag=1;
 114   3                   alarm++;
 115   3               if(i==8)
 116   3                {i=0;}
C51 COMPILER V9.00   红_报_器                                                            03/24/2016 18:24:07 PAGE 3   

 117   3                      }
 118   2           //修改密码
 119   2          if((disp[4]==1)&&(disp[5]==9))
 120   2            { uchar a;
 121   3                   for(a=0;a<8;a++)
 122   3                    {key1[a]=0;}
 123   3             RFLAG=0;
 124   3             i=0;
 125   3            }
 126   2      
 127   2          //进入修改密码的具体的实现
 128   2              if(RFLAG==0)
 129   2            {
 130   3             //确认要修改的密码的原密码
 131   3             if((key[0]==key1[0])&&(key[1]==key1[1])&&(key[2]==key1[2])&&(key[3]==key1[3])&&(key[4]==key1[4])&&(
             -key[5]==key1[5])&&(key[6]==key1[6])&&(key[7]==key1[7]))
 132   3                  {uint H;
 133   4                G=1;
 134   4               for(H=0;H<10;H++)
 135   4                      {  P0_1=0;
 136   5                                 delay(20);
 137   5                                 P0_1=1;
 138   5                                 delay(20);
 139   5                          }   
 140   4                for(H=0;H<8;H++)
 141   4                 {key1[H]=0;}
 142   4               i=0;
 143   4                       rag=0;
 144   4              }
 145   3             if((key2[0]==key1[0])&&(key2[1]==key1[1])&&(key2[2]==key1[2])&&(key2[3]==key1[3])&&(key2[4]==key1[4
             -])&&(key2[5]==key1[5])&&(key2[6]==key1[6])&&(key2[7]==key1[7]))
 146   3                  {uint h;
 147   4                g=1;
 148   4               for(h=0;h<10;h++)
 149   4                      {P0_2=0;
 150   5                               delay(30);
 151   5                               P0_2=1;
 152   5                               delay(30);
 153   5                              }
 154   4                        for(h=0;h<8;h++)
 155   4                          {key1[h]=0;}
 156   4                        i=0;
 157   4                        rag=0;
 158   4              }
 159   3             //修改密码，输入新密码
 160   3             if(G)
 161   3               {if(rag)
 162   4                      { uint B;
 163   5                        key[b]=disp[4];
 164   5                                key[b+1]=disp[5];
 165   5                        b=b+2;
 166   5                                if(b==8)
 167   5                         {b=0;
 168   6                                      G=0;
 169   6                          RFLAG=1;
 170   6                          alarm=0;
 171   6                          for(B=0;B<8;B++)
 172   6                                       {key1[B]=0;
 173   7                                       }
 174   6                          for(B=0;B<10;B++)
 175   6                                      {P0_1=0;
 176   7                                           delay(20);
C51 COMPILER V9.00   红_报_器                                                            03/24/2016 18:24:07 PAGE 4   

 177   7                                           P0_1=1;
 178   7                                           delay(20);
 179   7                                              }
 180   6                                        i=0;
 181   6                                  }
 182   5                                 rag=0;
 183   5                               }
 184   4                        }
 185   3                      if(g)
 186   3               {  if(rag)
 187   4                               {uint D;
 188   5                        key2[d]=disp[4];
 189   5                                key2[d+1]=disp[5];
 190   5                        d=d+2;
 191   5                                if(d==8)
 192   5                         {d=0;
 193   6                                      g=0;
 194   6                          RFLAG=1;
 195   6                                      alarm=0;
 196   6                          for(D=0;D<8;D++)
 197   6                                       {key1[D]=0;
 198   7                                       }
 199   6                          for(D=0;D<10;D++)
 200   6                                      {P0_2=0;
 201   7                                           delay(20);
 202   7                                           P0_2=1;
 203   7                                           delay(20);
 204   7                                              }
 205   6                           i=0;
 206   6                                  }
 207   5                            rag=0;
 208   5                               }
 209   4                        }
 210   3            }
 211   2      
 212   2      
 213   2          //红外控制电控锁旋转
 214   2          if(RFLAG)
 215   2           {
 216   3                  
 217   3                
 218   3                 
 219   3                  if((key[0]==key1[0])&&(key[1]==key1[1])&&(key[2]==key1[2])&&(key[3]==key1[3])&&(key[4]==key1[4])&&(ke
             -y[5]==key1[5])&&(key[6]==key1[6])&&(key[7]==key1[7]))
 220   3                    {uint j=128;
 221   4                         if(FLAG)
 222   4                      {P0_1=0;
 223   5                               while(j--)
 224   5                        {for(k=0;k<4;k++)
 225   6                          {P2=table1[k];
 226   7                           delay1(800);
 227   7                                  }
 228   6                        }
 229   5                                P0_1=1;
 230   5                        FLAG=0;
 231   5                        rflag=1;
 232   5                        alarm=0;
 233   5                                i=0;
 234   5                              }
 235   4                    }
 236   3                      if((key2[0]==key1[0])&&(key2[1]==key1[1])&&(key2[2]==key1[2])&&(key2[3]==key1[3])&&(key2[4]==key1[4])&&(
             -key2[5]==key1[5])&&(key2[6]==key1[6])&&(key2[7]==key1[7]))
C51 COMPILER V9.00   红_报_器                                                            03/24/2016 18:24:07 PAGE 5   

 237   3                   { uint j=128;
 238   4                if(rflag)
 239   4                      {P0_2=0;
 240   5                               while(j--)
 241   5                        {for(k=0;k<4;k++)
 242   6                          {P2=table2[k];
 243   7                           delay1(800);
 244   7                                  }
 245   6                            }
 246   5                       P0_2=1;
 247   5                       rflag=0;
 248   5                           FLAG=1;
 249   5                       alarm=0;
 250   5                               i=0;
 251   5                          }
 252   4                        }
 253   3               if((disp[4]==0)&&(disp[5]==9))
 254   3                 {if(FLAG)
 255   4                               {uchar n;
 256   5                                for(n=0;n<10;n++)
 257   5                      {P0_1=0;
 258   6                                   delay(20);
 259   6                               P0_1=1;
 260   6                                       delay(20);
 261   6                                      }
 262   5                   }
 263   4                  if(rflag)
 264   4                    {uchar m;
 265   5                                      for(m=0;m<10;m++)
 266   5                      {P0_2=0;
 267   6                                   delay(20);
 268   6                               P0_2=1;
 269   6                                       delay(20);
 270   6                                      }
 271   5                                }
 272   4                              disp[4]=0;
 273   4                              disp[5]=0;
 274   4                  i=0;
 275   4                         }
 276   3                  if(alarm>5)
 277   3                  {uint f=20;
 278   4                   while(f--)
 279   4                    {BEEP();}
 280   4                   i=0;
 281   4                   alarm=0;
 282   4                      }
 283   3           }
 284   2        }
 285   1      }
 286          void time0() interrupt 1
 287          {htime++;
 288   1      }
 289          void int1() interrupt 2
 290          { 
 291   1        if(startflag)
 292   1         {
 293   2          if(htime>35)
 294   2            bytenumber=0;
 295   2           hdata[bytenumber]=htime;
 296   2               htime=0;
 297   2           bytenumber++;
 298   2          if(bytenumber==33) 
C51 COMPILER V9.00   红_报_器                                                            03/24/2016 18:24:07 PAGE 6   

 299   2            {bytenumber=0;
 300   3                 endflag=1;
 301   3                }
 302   2         }
 303   1      
 304   1        else 
 305   1          {
 306   2           startflag=1;
 307   2           htime=0;
 308   2              }
 309   1        
 310   1      }


MODULE INFORMATION:   STATIC OVERLAYABLE
   CODE SIZE        =   1427    ----
   CONSTANT SIZE    =     40    ----
   XDATA SIZE       =   ----    ----
   PDATA SIZE       =   ----    ----
   DATA SIZE        =     50      50
   IDATA SIZE       =   ----    ----
   BIT SIZE         =   ----    ----
END OF MODULE INFORMATION.


C51 COMPILATION COMPLETE.  0 WARNING(S),  0 ERROR(S)
