C51 COMPILER V9.00   ½»Í¨µÆ¼ÓÇ¿_æ                                                          06/17/2016 10:15:53 PAGE 1   


C51 COMPILER V9.00, COMPILATION OF MODULE ½»Í¨µÆ¼ÓÇ¿_æ
OBJECT MODULE PLACED IN ½»Í¨µÆ¼ÓÇ¿°æ.OBJ
COMPILER INVOKED BY: C:\Keil\C51\BIN\C51.EXE ½»Í¨µÆ¼ÓÇ¿°æ.c BROWSE DEBUG OBJECTEXTEND

line level    source

   1          #include<reg52.h>
   2          #include<intrins.h>
   3          #define uint unsigned int
   4          #define uchar unsigned char
   5          uchar led_mod[]={0x3f,0x06,0x5b,0x4f,0x66,0x6d,0x7d,0x07,0x7f,0x6f,0x77,0x7c,0x58,0x5e,0x79,0x71};
   6          uchar led_seg[]={0xfe,0xfd,0xfb,0xf7,0xef,0xdf,0xbf,0x7f};
   7          uchar temp;
   8          sbit sh=P0^0;
   9          sbit DS=P0^1;
  10          sbit st=P0^2;
  11          sbit sh1=P0^3;
  12          sbit DS1=P0^4;
  13          sbit st1=P0^5;
  14          sbit button=P2^0;
  15          sbit beep=P2^3;
  16          void input(uchar g);
  17          void output();
  18          void input2(uchar w);
  19          void output2();
  20          void led_show(uint d);
  21          void led_show2(uint m);
  22          void delay(uint z);
  23          void main()
  24          {
  25   1              int a,b,c,l;
  26   1              beep=0;
  27   1              switch(P2 &     0xf7)
  28   1              {
  29   2                      case 0xf5:      //NO.2
  30   2                      temp=0x01;
  31   2                      while(1)
  32   2                      {
  33   3                              {
  34   4                                      temp=0x01;
  35   4                                      for(l=0;l<8;l++)
  36   4                                      {
  37   5                                              input2(temp);
  38   5                                              temp=_crol_(temp,1);
  39   5                                              output2();
  40   5                                              delay(500);
  41   5                                      }
  42   4                                      temp=0x03;
  43   4                                      for(l=0;l<7;l++)
  44   4                                      {
  45   5                                              input2(temp);
  46   5                                              temp=_crol_(temp,1);
  47   5                                              output2();
  48   5                                              delay(500);
  49   5                                      }
  50   4                                      temp=0x07;
  51   4                                      for(l=0;l<6;l++)
  52   4                                      {
  53   5                                              input2(temp);
  54   5                                              temp=_crol_(temp,1);
  55   5                                              output2();
C51 COMPILER V9.00   ½»Í¨µÆ¼ÓÇ¿_æ                                                          06/17/2016 10:15:53 PAGE 2   

  56   5                                              delay(500);
  57   5                                      }
  58   4                                      temp=0x0f;
  59   4                                      for(l=0;l<5;l++)
  60   4                                      {
  61   5                                              input2(temp);
  62   5                                              temp=_crol_(temp,1);
  63   5                                              output2();
  64   5                                              delay(500);
  65   5                                      }
  66   4                                      temp=0x1f;
  67   4                                      for(l=0;l<4;l++)
  68   4                                      {
  69   5                                              input2(temp);
  70   5                                              temp=_crol_(temp,1);
  71   5                                              output2();
  72   5                                              delay(500);
  73   5                                      }
  74   4                                      temp=0x3f;
  75   4                                      for(l=0;l<3;l++)
  76   4                                      {
  77   5                                              input2(temp);
  78   5                                              temp=_crol_(temp,1);
  79   5                                              output2();
  80   5                                              delay(500);
  81   5                                      }
  82   4                                      temp=0x7f;
  83   4                                      for(l=0;l<2;l++)
  84   4                                      {
  85   5                                              input2(temp);
  86   5                                              temp=_crol_(temp,1);
  87   5                                              output2();
  88   5                                              delay(500);
  89   5                                      }
  90   4                                      temp=0xff;
  91   4                                      for(l=0;l<1;l++)
  92   4                                      {
  93   5                                              input2(temp);
  94   5                                              temp=_crol_(temp,1);
  95   5                                              output2();
  96   5                                              delay(500);
  97   5                                      }
  98   4                                      input2(0xff);
  99   4                                      delay(800);
 100   4                                      for(l=0;l<100;l++)
 101   4                                      {
 102   5                                              input2(0x40);
 103   5                                              output2();
 104   5                                              delay(100);
 105   5                                              input2(0x80);
 106   5                                              output2();
 107   5                                              delay(100);
 108   5                                      }
 109   4                              }
 110   3                      }
 111   2                      break;
 112   2                      case 0xf3:       //NO.3
 113   2                      {
 114   3                              int q;
 115   3                              while(1)
 116   3                              {
 117   4                                      for(q=0;q<10000;q++)
C51 COMPILER V9.00   ½»Í¨µÆ¼ÓÇ¿_æ                                                          06/17/2016 10:15:53 PAGE 3   

 118   4                                      {
 119   5                                              led_show2(q);
 120   5                                      }
 121   4                                      while(1)
 122   4                                      {
 123   5                                              for(q=0;q<100;q++)
 124   5                                              {
 125   6                                                      led_show2(9999);
 126   6                                              }
 127   5                                              for(q=0;q<100;q++)
 128   5                                              {
 129   6                                                      led_show2(0);
 130   6                                              }
 131   5                                      }
 132   4                              }       
 133   3                      }
 134   2                      break;
 135   2                      case 0xf6: //NO.1
 136   2                      while(1)
 137   2                      {
 138   3                              for(c=30;c>3;c--)
 139   3                              {
 140   4                                      input2(0x24);
 141   4                                      output2();
 142   4                                      beep=0;
 143   4                                      led_show(c);
 144   4                                      beep=1;
 145   4                                      delay(100);
 146   4                              }
 147   3                              for(c=3;c>=0;c--)
 148   3                              {
 149   4                                      input2(0x24);
 150   4                                      output2();
 151   4                                      beep=0;
 152   4                                      led_show(c);
 153   4                                      beep=1;
 154   4                                      delay(40);
 155   4                              }
 156   3                              for(b=3;b>0;b--)
 157   3                              {
 158   4                                      input2(0x12);
 159   4                                      output2();      
 160   4                                      beep=0;
 161   4                                      led_show(b);
 162   4                              }       
 163   3                              for(a=57;a>3;a--)
 164   3                              {
 165   4                                      input2(0x09);
 166   4                                      output2();      
 167   4                                      beep=0;
 168   4                                      led_show(a);
 169   4      
 170   4                              }
 171   3                              for(a=3;a>0;a--)
 172   3                              {
 173   4                                      input2(0x09);
 174   4                                      output2();      
 175   4                                      beep=0;
 176   4                                      led_show(a);
 177   4                                      beep=1;
 178   4                                      delay(40);
 179   4      
C51 COMPILER V9.00   ½»Í¨µÆ¼ÓÇ¿_æ                                                          06/17/2016 10:15:53 PAGE 4   

 180   4                              }       
 181   3                      } break;
 182   2                      case 0xf7:input2(0xc0);output2();break;
 183   2              }
 184   1      }
 185          void led_show(uint d)
 186          {
 187   1              int e,f,i;
 188   1              e=d/10;
 189   1              f=d%10;
 190   1              for(i=0;i<40;i++)
 191   1              {
 192   2                      input(led_seg[0]);
 193   2                      input(led_mod[e]);
 194   2                      output();
 195   2                      delay(5);
 196   2                      input(led_seg[1]); 
 197   2                      input(led_mod[f]);
 198   2                      output();
 199   2                      delay(5);
 200   2                      input(led_seg[2]);
 201   2                      input(led_mod[e]);
 202   2                      output();
 203   2                      delay(5);
 204   2                      input(led_seg[3]); 
 205   2                      input(led_mod[f]);
 206   2                      output();
 207   2                      delay(5);
 208   2              }       
 209   1      }
 210          void input(uchar g)      //shumaguan
 211          {
 212   1              int h;
 213   1              for(h=0;h<8;h++)
 214   1              {
 215   2                      g<<=1;
 216   2                      DS=CY;
 217   2                      sh=0;
 218   2                      _nop_();
 219   2                      _nop_();
 220   2                      sh=1;
 221   2                      _nop_();
 222   2                      _nop_();
 223   2              }
 224   1      }
 225          void output()
 226          {
 227   1              st=0;
 228   1              _nop_();
 229   1              _nop_();
 230   1              st=1;
 231   1              _nop_();
 232   1              _nop_();
 233   1      }
 234          void led_show2(uint m)
 235          {
 236   1              int a1,a2,a3,a4,a5;
 237   1              a1=m/1000;
 238   1              a2=m/100%10;
 239   1              a3=m/10%10;
 240   1              a4=m%10;
 241   1              for(a5=0;a5<1;a5++)
C51 COMPILER V9.00   ½»Í¨µÆ¼ÓÇ¿_æ                                                          06/17/2016 10:15:53 PAGE 5   

 242   1              {
 243   2                      input(led_seg[4]);
 244   2                      input(led_mod[a1]);
 245   2                      output();
 246   2                      delay(5);
 247   2                      input(led_seg[5]);
 248   2                      input(led_mod[a2]);
 249   2                      output();
 250   2                      delay(5);
 251   2                      input(led_seg[6]);
 252   2                      input(led_mod[a3]);
 253   2                      output();
 254   2                      delay(5);
 255   2                      input(led_seg[7]);
 256   2                      input(led_mod[a4]);
 257   2                      output();
 258   2                      delay(5);
 259   2              }
 260   1      }
 261          void input2(uchar w)    //erjiguan
 262          {
 263   1              int v;
 264   1              for(v=0;v<8;v++)
 265   1              {
 266   2                      w<<=1;
 267   2                      DS1=CY;
 268   2                      sh1=0;
 269   2                      _nop_();
 270   2                      _nop_();
 271   2                      sh1=1;
 272   2                      _nop_();
 273   2                      _nop_();
 274   2              }
 275   1      }
 276          void output2()
 277          {
 278   1              st1=0;
 279   1              _nop_();
 280   1              _nop_();
 281   1              st1=1;
 282   1              _nop_();
 283   1              _nop_();
 284   1      }
 285          void delay(uint z)
 286          {
 287   1              int x,y;
 288   1              for(x=0;x<70;x++)
 289   1              for(y=z;y>0;y--);
 290   1      }


MODULE INFORMATION:   STATIC OVERLAYABLE
   CODE SIZE        =   1301    ----
   CONSTANT SIZE    =   ----    ----
   XDATA SIZE       =   ----    ----
   PDATA SIZE       =   ----    ----
   DATA SIZE        =     25      26
   IDATA SIZE       =   ----    ----
   BIT SIZE         =   ----    ----
END OF MODULE INFORMATION.


C51 COMPILATION COMPLETE.  0 WARNING(S),  0 ERROR(S)
