C51 COMPILER V9.00   ³µÎ²_¸Ê¾µÆ                                                            06/18/2016 01:11:29 PAGE 1   


C51 COMPILER V9.00, COMPILATION OF MODULE ³µÎ²_¸Ê¾µÆ
OBJECT MODULE PLACED IN ³µÎ²Ö¸Ê¾µÆ.OBJ
COMPILER INVOKED BY: E:\keil\C51\BIN\C51.EXE ³µÎ²Ö¸Ê¾µÆ.c BROWSE DEBUG OBJECTEXTEND

line level    source

   1          #include<reg52.h>
   2          #include<intrins.h>
   3          #define uchar unsigned char
   4          #define uint unsigned int
   5          sbit sh=P1^0;
   6          sbit DS=P1^1;
   7          sbit st=P1^2;
   8          sbit sh2=P1^3;
   9          sbit DS2=P1^4;
  10          sbit st2=P1^5;
  11          sbit beep=P2^3;
  12          uchar led_mod[]={0xe7,0xcf,0x9f,0x00,0x00,0x9f,0xcf,0xe7,
  13                                           0xe7,0xf3,0xf9,0x00,0x00,0xf9,0xf3,0xe7,
  14                                           0x81,0x81,0xc3,0xc3,0xe7,0xff,0xe7,0xe7};
  15          uchar led_seg[]={0x01,0x02,0x04,0x08,0x10,0x20,0x40,0x80};
  16          void input(uchar c);
  17          void output();
  18          void input2(uchar r);
  19          void output2();
  20          void delay(uint z);
  21          void main()
  22          {
  23   1              int a,b;
  24   1              beep=0;
  25   1              while(P2==0xf6)
  26   1              {
  27   2                      for(b=0;b<40;b++)
  28   2                      {
  29   3                              for(a=0;a<8;a++)
  30   3                              {
  31   4                                      input(led_mod[a]);
  32   4                                      input(led_seg[a]);
  33   4                                      delay(1);
  34   4                                      output();
  35   4                              }
  36   3                      }
  37   2                      for(b=0;b<20;b++)
  38   2                      {
  39   3                              for(a=0;a<8;a++)
  40   3                              {
  41   4                                      input(0xff);
  42   4                                      input(0x00);
  43   4                                      delay(1);
  44   4                                      output();
  45   4                              }
  46   3                      }
  47   2              }
  48   1              while(P2==0xf5)
  49   1              {
  50   2                      for(b=0;b<40;b++)
  51   2                      {
  52   3                              for(a=0;a<8;a++)
  53   3                              {
  54   4                                      input2(led_mod[a+8]);
  55   4                                      input2(led_seg[a]);
C51 COMPILER V9.00   ³µÎ²_¸Ê¾µÆ                                                            06/18/2016 01:11:29 PAGE 2   

  56   4                                      delay(1);
  57   4                                      output2();
  58   4                              }
  59   3                      }
  60   2                      for(b=0;b<20;b++)
  61   2                      {
  62   3                              for(a=0;a<8;a++)
  63   3                              {
  64   4                                      input2(0xff);
  65   4                                      input2(0x00);
  66   4                                      delay(1);
  67   4                                      output2();
  68   4                              }
  69   3                      }       
  70   2              }
  71   1              while(P2==0xf3)
  72   1              {
  73   2                      for(b=0;b<20;b++)
  74   2                      {
  75   3                              for(a=0;a<8;a++)
  76   3                              {
  77   4                                      input(led_mod[a+16]);
  78   4                                      input(led_seg[a]);
  79   4                                      input2(led_mod[a+16]);
  80   4                                      input2(led_seg[a]);
  81   4                                      delay(1);
  82   4                                      output();
  83   4                                      output2();
  84   4                              }
  85   3                      }
  86   2                      for(b=0;b<10;b++)
  87   2                      {
  88   3                              for(a=0;a<8;a++)
  89   3                              {
  90   4                                      input(0xff);
  91   4                                      input(0x00);
  92   4                                      input2(0xff);
  93   4                                      input2(0x00);
  94   4                                      delay(1);
  95   4                                      output();
  96   4                                      output2();
  97   4                              }
  98   3                      }       
  99   2              }
 100   1      }
 101          void input(uchar c)
 102          {
 103   1              int d;
 104   1              for(d=0;d<8;d++)
 105   1              {
 106   2                      c<<=1;
 107   2                      DS=CY;
 108   2                      sh=0;
 109   2                      sh=1;
 110   2                      sh=0;
 111   2              }       
 112   1      }
 113          void output()
 114          {
 115   1              st=0;
 116   1              st=1;
 117   1              st=0;
C51 COMPILER V9.00   ³µÎ²_¸Ê¾µÆ                                                            06/18/2016 01:11:29 PAGE 3   

 118   1      }
 119          void input2(uchar r)
 120          {
 121   1              int s;
 122   1              for(s=0;s<8;s++)
 123   1              {
 124   2                      r<<=1;
 125   2                      DS2=CY;
 126   2                      sh2=0;
 127   2                      sh2=1;
 128   2                      sh2=0;
 129   2              }       
 130   1      }
 131          void output2()
 132          {
 133   1              st2=0;
 134   1              st2=1;
 135   1              st2=0;
 136   1      }
 137          void delay(uint z)
 138          {       
 139   1              int x,y;
 140   1              for(x=0;x<110;x++)
 141   1              for(y=z;y>0;y--);
 142   1      }


MODULE INFORMATION:   STATIC OVERLAYABLE
   CODE SIZE        =    564    ----
   CONSTANT SIZE    =   ----    ----
   XDATA SIZE       =   ----    ----
   PDATA SIZE       =   ----    ----
   DATA SIZE        =     32       4
   IDATA SIZE       =   ----    ----
   BIT SIZE         =   ----    ----
END OF MODULE INFORMATION.


C51 COMPILATION COMPLETE.  0 WARNING(S),  0 ERROR(S)
